Determining if the pthread_create exist failed with the following output:
Change Dir: /mnt/data/work/ssh_test/ros_beginner/catkin_ws/build-src-Desktop_Qt_5_6_0_GCC_64bit-Default/CMakeFiles/CMakeTmp

Run Build Command:/usr/bin/make "cmTryCompileExec506347233/fast"
/usr/bin/make -f CMakeFiles/cmTryCompileExec506347233.dir/build.make CMakeFiles/cmTryCompileExec506347233.dir/build
make[1]: Entering directory `/mnt/data/work/ssh_test/ros_beginner/catkin_ws/build-src-Desktop_Qt_5_6_0_GCC_64bit-Default/CMakeFiles/CMakeTmp'
/usr/bin/cmake -E cmake_progress_report /mnt/data/work/ssh_test/ros_beginner/catkin_ws/build-src-Desktop_Qt_5_6_0_GCC_64bit-Default/CMakeFiles/CMakeTmp/CMakeFiles 1
Building C object CMakeFiles/cmTryCompileExec506347233.dir/CheckSymbolExists.c.o
/usr/bin/cc    -o CMakeFiles/cmTryCompileExec506347233.dir/CheckSymbolExists.c.o   -c /mnt/data/work/ssh_test/ros_beginner/catkin_ws/build-src-Desktop_Qt_5_6_0_GCC_64bit-Default/CMakeFiles/CMakeTmp/CheckSymbolExists.c
Linking C executable cmTryCompileExec506347233
/usr/bin/cmake -E cmake_link_script CMakeFiles/cmTryCompileExec506347233.dir/link.txt --verbose=1
/usr/bin/cc       CMakeFiles/cmTryCompileExec506347233.dir/CheckSymbolExists.c.o  -o cmTryCompileExec506347233 -rdynamic 
CMakeFiles/cmTryCompileExec506347233.dir/CheckSymbolExists.c.o: In function `main':
CheckSymbolExists.c:(.text+0x16): undefined reference to `pthread_create'
collect2: error: ld returned 1 exit status
make[1]: *** [cmTryCompileExec506347233] Error 1
make[1]: Leaving directory `/mnt/data/work/ssh_test/ros_beginner/catkin_ws/build-src-Desktop_Qt_5_6_0_GCC_64bit-Default/CMakeFiles/CMakeTmp'
make: *** [cmTryCompileExec506347233/fast] Error 2

File /mnt/data/work/ssh_test/ros_beginner/catkin_ws/build-src-Desktop_Qt_5_6_0_GCC_64bit-Default/CMakeFiles/CMakeTmp/CheckSymbolExists.c:
/* */
#include <pthread.h>

int main(int argc, char** argv)
{
  (void)argv;
#ifndef pthread_create
  return ((int*)(&pthread_create))[argc];
#else
  (void)argc;
  return 0;
#endif
}

Determining if the function pthread_create exists in the pthreads failed with the following output:
Change Dir: /mnt/data/work/ssh_test/ros_beginner/catkin_ws/build-src-Desktop_Qt_5_6_0_GCC_64bit-Default/CMakeFiles/CMakeTmp

Run Build Command:/usr/bin/make "cmTryCompileExec301629574/fast"
/usr/bin/make -f CMakeFiles/cmTryCompileExec301629574.dir/build.make CMakeFiles/cmTryCompileExec301629574.dir/build
make[1]: Entering directory `/mnt/data/work/ssh_test/ros_beginner/catkin_ws/build-src-Desktop_Qt_5_6_0_GCC_64bit-Default/CMakeFiles/CMakeTmp'
/usr/bin/cmake -E cmake_progress_report /mnt/data/work/ssh_test/ros_beginner/catkin_ws/build-src-Desktop_Qt_5_6_0_GCC_64bit-Default/CMakeFiles/CMakeTmp/CMakeFiles 1
Building C object CMakeFiles/cmTryCompileExec301629574.dir/CheckFunctionExists.c.o
/usr/bin/cc   -DCHECK_FUNCTION_EXISTS=pthread_create   -o CMakeFiles/cmTryCompileExec301629574.dir/CheckFunctionExists.c.o   -c /usr/share/cmake-2.8/Modules/CheckFunctionExists.c
Linking C executable cmTryCompileExec301629574
/usr/bin/cmake -E cmake_link_script CMakeFiles/cmTryCompileExec301629574.dir/link.txt --verbose=1
/usr/bin/cc   -DCHECK_FUNCTION_EXISTS=pthread_create    CMakeFiles/cmTryCompileExec301629574.dir/CheckFunctionExists.c.o  -o cmTryCompileExec301629574 -rdynamic -lpthreads 
/usr/bin/ld: cannot find -lpthreads
collect2: error: ld returned 1 exit status
make[1]: *** [cmTryCompileExec301629574] Error 1
make[1]: Leaving directory `/mnt/data/work/ssh_test/ros_beginner/catkin_ws/build-src-Desktop_Qt_5_6_0_GCC_64bit-Default/CMakeFiles/CMakeTmp'
make: *** [cmTryCompileExec301629574/fast] Error 2


