Determining if the pthread_create exist failed with the following output:
Change Dir: /mnt/data/work/ssh_test/ros_beginner/catkin_ws/build/CMakeFiles/CMakeTmp

Run Build Command:/usr/bin/make "cmTryCompileExec1444640406/fast"
/usr/bin/make -f CMakeFiles/cmTryCompileExec1444640406.dir/build.make CMakeFiles/cmTryCompileExec1444640406.dir/build
make[1]: Entering directory `/mnt/data/work/ssh_test/ros_beginner/catkin_ws/build/CMakeFiles/CMakeTmp'
/usr/bin/cmake -E cmake_progress_report /mnt/data/work/ssh_test/ros_beginner/catkin_ws/build/CMakeFiles/CMakeTmp/CMakeFiles 1
Building C object CMakeFiles/cmTryCompileExec1444640406.dir/CheckSymbolExists.c.o
/usr/bin/cc    -o CMakeFiles/cmTryCompileExec1444640406.dir/CheckSymbolExists.c.o   -c /mnt/data/work/ssh_test/ros_beginner/catkin_ws/build/CMakeFiles/CMakeTmp/CheckSymbolExists.c
Linking C executable cmTryCompileExec1444640406
/usr/bin/cmake -E cmake_link_script CMakeFiles/cmTryCompileExec1444640406.dir/link.txt --verbose=1
/usr/bin/cc       CMakeFiles/cmTryCompileExec1444640406.dir/CheckSymbolExists.c.o  -o cmTryCompileExec1444640406 -rdynamic 
CMakeFiles/cmTryCompileExec1444640406.dir/CheckSymbolExists.c.o: In function `main':
CheckSymbolExists.c:(.text+0x16): undefined reference to `pthread_create'
collect2: error: ld returned 1 exit status
make[1]: *** [cmTryCompileExec1444640406] Error 1
make[1]: Leaving directory `/mnt/data/work/ssh_test/ros_beginner/catkin_ws/build/CMakeFiles/CMakeTmp'
make: *** [cmTryCompileExec1444640406/fast] Error 2

File /mnt/data/work/ssh_test/ros_beginner/catkin_ws/build/CMakeFiles/CMakeTmp/CheckSymbolExists.c:
/* */
#include <pthread.h>

int main(int argc, char** argv)
{
  (void)argv;
#ifndef pthread_create
  return ((int*)(&pthread_create))[argc];
#else
  (void)argc;
  return 0;
#endif
}

Determining if the function pthread_create exists in the pthreads failed with the following output:
Change Dir: /mnt/data/work/ssh_test/ros_beginner/catkin_ws/build/CMakeFiles/CMakeTmp

Run Build Command:/usr/bin/make "cmTryCompileExec1786283278/fast"
/usr/bin/make -f CMakeFiles/cmTryCompileExec1786283278.dir/build.make CMakeFiles/cmTryCompileExec1786283278.dir/build
make[1]: Entering directory `/mnt/data/work/ssh_test/ros_beginner/catkin_ws/build/CMakeFiles/CMakeTmp'
/usr/bin/cmake -E cmake_progress_report /mnt/data/work/ssh_test/ros_beginner/catkin_ws/build/CMakeFiles/CMakeTmp/CMakeFiles 1
Building C object CMakeFiles/cmTryCompileExec1786283278.dir/CheckFunctionExists.c.o
/usr/bin/cc   -DCHECK_FUNCTION_EXISTS=pthread_create   -o CMakeFiles/cmTryCompileExec1786283278.dir/CheckFunctionExists.c.o   -c /usr/share/cmake-2.8/Modules/CheckFunctionExists.c
Linking C executable cmTryCompileExec1786283278
/usr/bin/cmake -E cmake_link_script CMakeFiles/cmTryCompileExec1786283278.dir/link.txt --verbose=1
/usr/bin/cc   -DCHECK_FUNCTION_EXISTS=pthread_create    CMakeFiles/cmTryCompileExec1786283278.dir/CheckFunctionExists.c.o  -o cmTryCompileExec1786283278 -rdynamic -lpthreads 
/usr/bin/ld: cannot find -lpthreads
collect2: error: ld returned 1 exit status
make[1]: *** [cmTryCompileExec1786283278] Error 1
make[1]: Leaving directory `/mnt/data/work/ssh_test/ros_beginner/catkin_ws/build/CMakeFiles/CMakeTmp'
make: *** [cmTryCompileExec1786283278/fast] Error 2


Determining if the Q_WS_WIN exist failed with the following output:
Change Dir: /mnt/data/work/ssh_test/ros_beginner/catkin_ws/build/CMakeFiles/CMakeTmp

Run Build Command:/usr/bin/make "cmTryCompileExec2302622815/fast"
/usr/bin/make -f CMakeFiles/cmTryCompileExec2302622815.dir/build.make CMakeFiles/cmTryCompileExec2302622815.dir/build
make[1]: Entering directory `/mnt/data/work/ssh_test/ros_beginner/catkin_ws/build/CMakeFiles/CMakeTmp'
/usr/bin/cmake -E cmake_progress_report /mnt/data/work/ssh_test/ros_beginner/catkin_ws/build/CMakeFiles/CMakeTmp/CMakeFiles 1
Building CXX object CMakeFiles/cmTryCompileExec2302622815.dir/CheckSymbolExists.cxx.o
/usr/bin/c++    -I/usr/include/qt4    -o CMakeFiles/cmTryCompileExec2302622815.dir/CheckSymbolExists.cxx.o -c /mnt/data/work/ssh_test/ros_beginner/catkin_ws/build/CMakeFiles/CMakeTmp/CheckSymbolExists.cxx
/mnt/data/work/ssh_test/ros_beginner/catkin_ws/build/CMakeFiles/CMakeTmp/CheckSymbolExists.cxx: In function ‘int main(int, char**)’:
/mnt/data/work/ssh_test/ros_beginner/catkin_ws/build/CMakeFiles/CMakeTmp/CheckSymbolExists.cxx:8:19: error: ‘Q_WS_WIN’ was not declared in this scope
   return ((int*)(&Q_WS_WIN))[argc];
                   ^
make[1]: *** [CMakeFiles/cmTryCompileExec2302622815.dir/CheckSymbolExists.cxx.o] Error 1
make[1]: Leaving directory `/mnt/data/work/ssh_test/ros_beginner/catkin_ws/build/CMakeFiles/CMakeTmp'
make: *** [cmTryCompileExec2302622815/fast] Error 2

File /mnt/data/work/ssh_test/ros_beginner/catkin_ws/build/CMakeFiles/CMakeTmp/CheckSymbolExists.cxx:
/* */
#include <QtCore/qglobal.h>

int main(int argc, char** argv)
{
  (void)argv;
#ifndef Q_WS_WIN
  return ((int*)(&Q_WS_WIN))[argc];
#else
  (void)argc;
  return 0;
#endif
}

Determining if the Q_WS_QWS exist failed with the following output:
Change Dir: /mnt/data/work/ssh_test/ros_beginner/catkin_ws/build/CMakeFiles/CMakeTmp

Run Build Command:/usr/bin/make "cmTryCompileExec3051244877/fast"
/usr/bin/make -f CMakeFiles/cmTryCompileExec3051244877.dir/build.make CMakeFiles/cmTryCompileExec3051244877.dir/build
make[1]: Entering directory `/mnt/data/work/ssh_test/ros_beginner/catkin_ws/build/CMakeFiles/CMakeTmp'
/usr/bin/cmake -E cmake_progress_report /mnt/data/work/ssh_test/ros_beginner/catkin_ws/build/CMakeFiles/CMakeTmp/CMakeFiles 1
Building CXX object CMakeFiles/cmTryCompileExec3051244877.dir/CheckSymbolExists.cxx.o
/usr/bin/c++    -I/usr/include/qt4    -o CMakeFiles/cmTryCompileExec3051244877.dir/CheckSymbolExists.cxx.o -c /mnt/data/work/ssh_test/ros_beginner/catkin_ws/build/CMakeFiles/CMakeTmp/CheckSymbolExists.cxx
/mnt/data/work/ssh_test/ros_beginner/catkin_ws/build/CMakeFiles/CMakeTmp/CheckSymbolExists.cxx: In function ‘int main(int, char**)’:
/mnt/data/work/ssh_test/ros_beginner/catkin_ws/build/CMakeFiles/CMakeTmp/CheckSymbolExists.cxx:8:19: error: ‘Q_WS_QWS’ was not declared in this scope
   return ((int*)(&Q_WS_QWS))[argc];
                   ^
make[1]: *** [CMakeFiles/cmTryCompileExec3051244877.dir/CheckSymbolExists.cxx.o] Error 1
make[1]: Leaving directory `/mnt/data/work/ssh_test/ros_beginner/catkin_ws/build/CMakeFiles/CMakeTmp'
make: *** [cmTryCompileExec3051244877/fast] Error 2

File /mnt/data/work/ssh_test/ros_beginner/catkin_ws/build/CMakeFiles/CMakeTmp/CheckSymbolExists.cxx:
/* */
#include <QtCore/qglobal.h>

int main(int argc, char** argv)
{
  (void)argv;
#ifndef Q_WS_QWS
  return ((int*)(&Q_WS_QWS))[argc];
#else
  (void)argc;
  return 0;
#endif
}

Determining if the Q_WS_MAC exist failed with the following output:
Change Dir: /mnt/data/work/ssh_test/ros_beginner/catkin_ws/build/CMakeFiles/CMakeTmp

Run Build Command:/usr/bin/make "cmTryCompileExec2545362838/fast"
/usr/bin/make -f CMakeFiles/cmTryCompileExec2545362838.dir/build.make CMakeFiles/cmTryCompileExec2545362838.dir/build
make[1]: Entering directory `/mnt/data/work/ssh_test/ros_beginner/catkin_ws/build/CMakeFiles/CMakeTmp'
/usr/bin/cmake -E cmake_progress_report /mnt/data/work/ssh_test/ros_beginner/catkin_ws/build/CMakeFiles/CMakeTmp/CMakeFiles 1
Building CXX object CMakeFiles/cmTryCompileExec2545362838.dir/CheckSymbolExists.cxx.o
/usr/bin/c++    -I/usr/include/qt4    -o CMakeFiles/cmTryCompileExec2545362838.dir/CheckSymbolExists.cxx.o -c /mnt/data/work/ssh_test/ros_beginner/catkin_ws/build/CMakeFiles/CMakeTmp/CheckSymbolExists.cxx
/mnt/data/work/ssh_test/ros_beginner/catkin_ws/build/CMakeFiles/CMakeTmp/CheckSymbolExists.cxx: In function ‘int main(int, char**)’:
/mnt/data/work/ssh_test/ros_beginner/catkin_ws/build/CMakeFiles/CMakeTmp/CheckSymbolExists.cxx:8:19: error: ‘Q_WS_MAC’ was not declared in this scope
   return ((int*)(&Q_WS_MAC))[argc];
                   ^
make[1]: *** [CMakeFiles/cmTryCompileExec2545362838.dir/CheckSymbolExists.cxx.o] Error 1
make[1]: Leaving directory `/mnt/data/work/ssh_test/ros_beginner/catkin_ws/build/CMakeFiles/CMakeTmp'
make: *** [cmTryCompileExec2545362838/fast] Error 2

File /mnt/data/work/ssh_test/ros_beginner/catkin_ws/build/CMakeFiles/CMakeTmp/CheckSymbolExists.cxx:
/* */
#include <QtCore/qglobal.h>

int main(int argc, char** argv)
{
  (void)argv;
#ifndef Q_WS_MAC
  return ((int*)(&Q_WS_MAC))[argc];
#else
  (void)argc;
  return 0;
#endif
}

